<?xml version="1.0" encoding="UTF-8" ?>
<testsuite failures="1" time="11.495" errors="0" skipped="2" tests="5" name="TestSuite">
  <properties>
    <property name="java.runtime.name" value="OpenJDK Runtime Environment"/>
    <property name="sun.boot.library.path" value="/usr/lib/jvm/java-7-openjdk-i386/jre/lib/i386"/>
    <property name="java.vm.version" value="24.79-b02"/>
    <property name="java.vm.vendor" value="Oracle Corporation"/>
    <property name="java.vendor.url" value="http://java.oracle.com/"/>
    <property name="path.separator" value=":"/>
    <property name="guice.disable.misplaced.annotation.check" value="true"/>
    <property name="java.vm.name" value="OpenJDK Server VM"/>
    <property name="file.encoding.pkg" value="sun.io"/>
    <property name="user.country" value="ZA"/>
    <property name="sun.java.launcher" value="SUN_STANDARD"/>
    <property name="sun.os.patch.level" value="unknown"/>
    <property name="java.vm.specification.name" value="Java Virtual Machine Specification"/>
    <property name="user.dir" value="/home/student/Documents/ProjectOne"/>
    <property name="java.runtime.version" value="1.7.0_79-b14"/>
    <property name="java.awt.graphicsenv" value="sun.awt.X11GraphicsEnvironment"/>
    <property name="java.endorsed.dirs" value="/usr/lib/jvm/java-7-openjdk-i386/jre/lib/endorsed"/>
    <property name="os.arch" value="i386"/>
    <property name="java.io.tmpdir" value="/tmp"/>
    <property name="line.separator" value="
"/>
    <property name="java.vm.specification.vendor" value="Oracle Corporation"/>
    <property name="os.name" value="Linux"/>
    <property name="classworlds.conf" value="/usr/share/maven/bin/m2.conf"/>
    <property name="sun.jnu.encoding" value="UTF-8"/>
    <property name="java.library.path" value="/home/student/idea-IU-139.1117.1/bin::/usr/java/packages/lib/i386:/usr/lib/i386-linux-gnu/jni:/lib/i386-linux-gnu:/usr/lib/i386-linux-gnu:/usr/lib/jni:/lib:/usr/lib"/>
    <property name="java.specification.name" value="Java Platform API Specification"/>
    <property name="java.class.version" value="51.0"/>
    <property name="sun.management.compiler" value="HotSpot Tiered Compilers"/>
    <property name="os.version" value="3.13.0-53-generic"/>
    <property name="user.home" value="/home/student"/>
    <property name="user.timezone" value="Africa/Johannesburg"/>
    <property name="java.awt.printerjob" value="sun.print.PSPrinterJob"/>
    <property name="file.encoding" value="UTF-8"/>
    <property name="java.specification.version" value="1.7"/>
    <property name="user.name" value="student"/>
    <property name="java.class.path" value="/usr/share/maven/boot/plexus-classworlds-2.x.jar"/>
    <property name="java.vm.specification.version" value="1.7"/>
    <property name="sun.arch.data.model" value="32"/>
    <property name="java.home" value="/usr/lib/jvm/java-7-openjdk-i386/jre"/>
    <property name="sun.java.command" value="org.codehaus.plexus.classworlds.launcher.Launcher test"/>
    <property name="java.specification.vendor" value="Oracle Corporation"/>
    <property name="user.language" value="en"/>
    <property name="awt.toolkit" value="sun.awt.X11.XToolkit"/>
    <property name="java.vm.info" value="mixed mode"/>
    <property name="java.version" value="1.7.0_79"/>
    <property name="java.ext.dirs" value="/usr/lib/jvm/java-7-openjdk-i386/jre/lib/ext:/usr/java/packages/lib/ext"/>
    <property name="securerandom.source" value="file:/dev/./urandom"/>
    <property name="sun.boot.class.path" value="/usr/lib/jvm/java-7-openjdk-i386/jre/lib/resources.jar:/usr/lib/jvm/java-7-openjdk-i386/jre/lib/rt.jar:/usr/lib/jvm/java-7-openjdk-i386/jre/lib/sunrsasign.jar:/usr/lib/jvm/java-7-openjdk-i386/jre/lib/jsse.jar:/usr/lib/jvm/java-7-openjdk-i386/jre/lib/jce.jar:/usr/lib/jvm/java-7-openjdk-i386/jre/lib/charsets.jar:/usr/lib/jvm/java-7-openjdk-i386/jre/lib/rhino.jar:/usr/lib/jvm/java-7-openjdk-i386/jre/lib/jfr.jar:/usr/lib/jvm/java-7-openjdk-i386/jre/classes"/>
    <property name="java.vendor" value="Oracle Corporation"/>
    <property name="maven.home" value="/usr/share/maven"/>
    <property name="file.separator" value="/"/>
    <property name="java.vendor.url.bug" value="http://bugreport.sun.com/bugreport/"/>
    <property name="sun.cpu.endian" value="little"/>
    <property name="sun.io.unicode.encoding" value="UnicodeLittle"/>
    <property name="sun.cpu.isalist" value=""/>
  </properties>
  <testcase time="0.308" classname="za.ac.cput.repository.AssetCrudTest" name="create"/>
  <testcase time="0.011" classname="za.ac.cput.repository.AssetCrudTest" name="read">
    <failure type="java.lang.NullPointerException">java.lang.NullPointerException
	at za.ac.cput.repository.AssetCrudTest.read(AssetCrudTest.java:85)
</failure>
    <system-out>Hibernate: select asset0_.id as id1_0_, asset0_.code as code2_0_, asset0_.name as name3_0_ from asset asset0_
Hibernate: select equipmentl0_.asset_id as asset_id4_0_0_, equipmentl0_.id as id1_1_0_, equipmentl0_.id as id1_1_1_, equipmentl0_.code as code2_1_1_, equipmentl0_.name as name3_1_1_ from equipment equipmentl0_ where equipmentl0_.asset_id=?
Hibernate: select hardwareli0_.asset_id as asset_id4_0_0_, hardwareli0_.id as id1_2_0_, hardwareli0_.id as id1_2_1_, hardwareli0_.code as code2_2_1_, hardwareli0_.name as name3_2_1_ from hardware hardwareli0_ where hardwareli0_.asset_id=?
Hibernate: select softwareli0_.asset_id as asset_id4_0_0_, softwareli0_.id as id1_7_0_, softwareli0_.id as id1_7_1_, softwareli0_.code as code2_7_1_, softwareli0_.name as name3_7_1_ from software softwareli0_ where softwareli0_.asset_id=?
Hibernate: delete from asset where id=?
Hibernate: select asset0_.id as id1_0_0_, asset0_.code as code2_0_0_, asset0_.name as name3_0_0_ from asset asset0_ where asset0_.id=?
</system-out>
  </testcase>
  <testcase time="0.014" classname="za.ac.cput.repository.AssetCrudTest" name="update">
    <skipped/>
  </testcase>
  <testcase time="0.014" classname="za.ac.cput.repository.AssetCrudTest" name="delete">
    <skipped/>
  </testcase>
  <testcase time="0.002" classname="za.ac.cput.AppTest" name="testApp on testApp"/>
</testsuite>