<?xml version="1.0" encoding="UTF-8"?>
<!-- Generated by org.testng.reporters.JUnitReportReporter -->
<testsuite hostname="student-virtual-machine" name="za.ac.cput.AppTest" tests="1" failures="0" timestamp="24 May 2015 14:43:13 GMT" time="0.001" errors="0">
  <testcase name="testApp" time="0.001" classname="za.ac.cput.AppTest"/>
</testsuite> <!-- za.ac.cput.AppTest -->
